<?xml version="1.0" encoding="UTF-8"?>
<!-- Generated by org.testng.reporters.JUnitReportReporter -->
<testsuite hostname="LTIN183334" failures="0" tests="4" name="testCase.LoanCalcpage" time="15.122" errors="0" timestamp="2024-03-22T12:09:47 IST" skipped="0">
  <testcase classname="testCase.LoanCalcpage" name="UICheckForTextbox" time="1.786"/>
  <testcase classname="testCase.LoanCalcpage" name="UICheckForScales" time="0.230"/>
  <testcase classname="testCase.LoanCalcpage" name="checkInScaleForEmiCalculator" time="5.834"/>
  <testcase classname="testCase.LoanCalcpage" name="checkInScaleForLoanAmountCalculator" time="7.272"/>
</testsuite> <!-- testCase.LoanCalcpage -->
