<?xml version="1.0" encoding="UTF-8"?>
<!-- Generated by org.testng.reporters.JUnitReportReporter -->
<testsuite hostname="LTIN183334" failures="0" tests="1" name="testCase.EmiForCar" time="7.868" errors="0" timestamp="2024-03-22T12:41:11 IST" skipped="0">
  <testcase classname="testCase.EmiForCar" name="operations" time="7.868"/>
</testsuite> <!-- testCase.EmiForCar -->
