<?xml version="1.0" encoding="UTF-8"?>
<!-- Generated by org.testng.reporters.JUnitReportReporter -->
<testsuite hostname="LTIN183334" failures="0" tests="1" name="testCase.EmiForHomeLoan" time="24.434" errors="0" timestamp="2024-03-22T12:09:47 IST" skipped="0">
  <testcase classname="testCase.EmiForHomeLoan" name="YearOnYearDetailsAndStoreInExcel" time="24.434"/>
</testsuite> <!-- testCase.EmiForHomeLoan -->
